~/Work/Parser$ pytest test_parser.py 
============================= test session starts ==============================
platform darwin -- Python 3.7.4, pytest-5.2.1, py-1.8.0, pluggy-0.13.0
rootdir: /Users/angela/Work/Parser
collected 16 items                                                             

test_parser.py ...............F                                          [100%]

=================================== FAILURES ===================================
_______________________ TestParser.test_missing_operands _______________________

self = <test_parser.TestParser object at 0x102c4be50>

    def test_missing_operands(self):
        expression = "+"
        with pytest.raises(ValueError, match='Bad Format'):
>           self.evaluate_tree(self.build_tree(expression))

test_parser.py:81: 
_ _ _ _ _ _ _ _ _ _ _ _ _ _ _ _ _ _ _ _ _ _ _ _ _ _ _ _ _ _ _ _ _ _ _ _ _ _ _ _ 

self = <test_parser.TestParser object at 0x102c4be50>
built_tree = <Parser.Tree object at 0x102c4b990>

    def evaluate_tree(self, built_tree):
>       return evaluate_tree(built_tree)

test_parser.py:13: 
_ _ _ _ _ _ _ _ _ _ _ _ _ _ _ _ _ _ _ _ _ _ _ _ _ _ _ _ _ _ _ _ _ _ _ _ _ _ _ _ 

root = <Parser.Tree object at 0x102c4b990>

    def evaluate_tree(root):
        # empty tree
        if root is None:
            return 0
    
        # leaf node
        if root.left is None and root.right is None:
            # bug here if the expression string is "+/*/)"
>           return int(root.cargo)
E           ValueError: invalid literal for int() with base 10: '+'

Parser.py:84: ValueError

During handling of the above exception, another exception occurred:

self = <test_parser.TestParser object at 0x102c4be50>

    def test_missing_operands(self):
        expression = "+"
        with pytest.raises(ValueError, match='Bad Format'):
>           self.evaluate_tree(self.build_tree(expression))
E           AssertionError: Pattern 'Bad Format' not found in "invalid literal for int() with base 10: '+'"

test_parser.py:81: AssertionError
========================= 1 failed, 15 passed in 0.09s =========================
~/Work/Parser$ 

